<?xml version="1.0" encoding="UTF-8"?>
<!-- Generated by org.testng.reporters.JUnitReportReporter -->
<testsuite skipped="0" hostname="DESKTOP-GCEEVU2" name="maven.MevanDemo" tests="1" failures="0" timestamp="26 Feb 2019 08:56:53 GMT" time="3.413" errors="0">
  <testcase name="testA" time="3.413" classname="maven.MevanDemo"/>
</testsuite> <!-- maven.MevanDemo -->
